<?xml version="1.0"?>
<testsuite failures="0" skipped="0" name="cucumber-js" time="0" tests="0"/>